<analysis>**original_problem_statement:**
The user's initial requests were focused on fixing bugs and improving styling within the existing application:
1.  Fix the missing Theater Releases section on the homepage.
2.  Perform extensive, iterative styling adjustments (padding, margins) across nearly all homepage components to reduce vertical space.
3.  Fix the aspect ratio of Viral Shorts thumbnails to remove black borders.
4.  Refactor the CMS to fetch live Sponsored Ad data for the homepage instead of using mock data.
5.  Completely separate Posts and Ads within the CMS. This involved:
    *   Creating a new Ads list tab with full filtering and pagination, similar to the Posts tab.
    *   Moving all ad configuration (Google Ads, Sponsored Ad toggles) to the System Settings page.
    *   Removing the now-redundant Ad Settings tab from the CMS.
6.  Add a feature to include multiple social media embeds in both article and ad forms.
7.  Add an Enable Comments toggle to article and ad forms.
8.  Implement dynamic ad thumbnails on the homepage based on content type (YouTube, Photo Gallery, Post).
9.  Clean up and fix numerous bugs in the Create Article and Create Sponsored Ad forms, including removing duplicate fields and fixing create/edit flows.
10. Fix a bug where editing an ad fails because the Ad Type and Category are not pre-populated.

**User's preferred language**: English

**what currently exists?**
The application is a full-stack news portal. The agent has successfully fixed the Theater Releases section and performed a major overhaul of both the homepage styling and the CMS ad management system.

-   Homepage styling has been tightened across most components per user requests.
-   The CMS now has a clear separation between Posts and Ads. A new Ads tab provides a full-featured list view with filtering and pagination.
-   All ad-related settings have been consolidated into the System Settings page.
-   The Sponsored Ads section on the homepage now fetches live data from the backend.
-   The Create Article and Create Ad forms now support multiple social media embeds and have an Enable Comments toggle.
-   Numerous UI bugs and redundant fields within these forms have been fixed.

The application is currently blocked by a bug preventing the Edit Ad form from loading data correctly.

**Last working item**:
-   **Last item agent was working:** The user reported that when they try to edit an ad, the Ad Type and Category fields are not pre-populated, defaulting to Ad Post and an empty category. The agent analyzed the user-provided console logs and correctly identified two critical issues:
    1.  The data for the ad being edited is missing the  field when returned from the backend API. The log shows: .
    2.  A secondary but related issue is that the form is failing to fetch the list of categories, resulting in a 500 Internal Server Error for the  endpoint.
-   **Status:** IN PROGRESS
-   **Agent Testing Done:** N
-   **Which testing method agent to use?** backend testing agent. The agent must first check the backend supervisor logs to diagnose the 500 error on . Then, it needs to debug the backend endpoint that fetches a single ad for editing (e.g., ) to understand why the  field is missing from the response payload.
-   **User Testing Done:** Y (User confirmed the bug and provided console logs).

**All Pending/In progress Issue list**:
-   Issue 1: (P0) Ad Type and Category fields are not pre-populated on the Edit Ad form.
-   Issue 2: (P1) MongoDB index creation conflict on startup.
-   Issue 3: (P2) National News not showing for new users.

**Issues Detail:**
-   **Issue 1: Ad Type and Category fields are not pre-populated on the Edit Ad form**
    -   **Attempted fixes:** The agent added console logging to the  function. The logs confirmed that  is  in the API response and that a separate API call to  is failing with a 500 error.
    -   **Next debug checklist:**
        1.  Check backend logs for the 500 error traceback:     |   File "/root/.venv/lib/python3.11/site-packages/starlette/routing.py", line 72, in app
    |     response = await func(request)
    |                ^^^^^^^^^^^^^^^^^^^
    |   File "/root/.venv/lib/python3.11/site-packages/fastapi/routing.py", line 296, in app
    |     content = await serialize_response(
    |               ^^^^^^^^^^^^^^^^^^^^^^^^^
    |   File "/root/.venv/lib/python3.11/site-packages/fastapi/routing.py", line 155, in serialize_response
    |     raise ResponseValidationError(
    | fastapi.exceptions.ResponseValidationError: 8 validation errors:
    |   {'type': 'value_error', 'loc': ('response', 42, 'id'), 'msg': 'Value error, Invalid ObjectId', 'input': 1, 'ctx': {'error': ValueError('Invalid ObjectId')}, 'url': 'https://errors.pydantic.dev/2.12/v/value_error'}
    |   {'type': 'missing', 'loc': ('response', 42, 'created_at'), 'msg': 'Field required', 'input': {'id': 1, 'name': 'TV Reality Shows', 'slug': 'big-boss'}, 'url': 'https://errors.pydantic.dev/2.12/v/missing'}
    |   {'type': 'value_error', 'loc': ('response', 43, 'id'), 'msg': 'Value error, Invalid ObjectId', 'input': 2, 'ctx': {'error': ValueError('Invalid ObjectId')}, 'url': 'https://errors.pydantic.dev/2.12/v/value_error'}
    |   {'type': 'missing', 'loc': ('response', 43, 'created_at'), 'msg': 'Field required', 'input': {'id': 2, 'name': 'TV Reality Shows Hindi', 'slug': 'big-boss-bollywood'}, 'url': 'https://errors.pydantic.dev/2.12/v/missing'}
    |   {'type': 'value_error', 'loc': ('response', 44, 'id'), 'msg': 'Value error, Invalid ObjectId', 'input': 'sponsored-post', 'ctx': {'error': ValueError('Invalid ObjectId')}, 'url': 'https://errors.pydantic.dev/2.12/v/value_error'}
    |   {'type': 'missing', 'loc': ('response', 44, 'created_at'), 'msg': 'Field required', 'input': {'id': 'sponsored-post', 'slug': 'sponsored-post', 'name': 'Sponsored Post', 'description': 'Sponsored content posts'}, 'url': 'https://errors.pydantic.dev/2.12/v/missing'}
    |   {'type': 'value_error', 'loc': ('response', 45, 'id'), 'msg': 'Value error, Invalid ObjectId', 'input': 'landing-page-ad', 'ctx': {'error': ValueError('Invalid ObjectId')}, 'url': 'https://errors.pydantic.dev/2.12/v/value_error'}
    |   {'type': 'missing', 'loc': ('response', 45, 'created_at'), 'msg': 'Field required', 'input': {'id': 'landing-page-ad', 'slug': 'landing-page-ad', 'name': 'Landing Page Ad', 'description': 'Landing page advertisements'}, 'url': 'https://errors.pydantic.dev/2.12/v/missing'}
    | 
    +------------------------------------

During handling of the above exception, another exception occurred:

Traceback (most recent call last):
  File "/root/.venv/lib/python3.11/site-packages/uvicorn/protocols/http/h11_impl.py", line 408, in run_asgi
    result = await app(  # type: ignore[func-returns-value]
             ^^^^^^^^^^^^^^^^^^^^^^^^^^^^^^^^^^^^^^^^^^^^^^
  File "/root/.venv/lib/python3.11/site-packages/uvicorn/middleware/proxy_headers.py", line 84, in __call__
    return await self.app(scope, receive, send)
           ^^^^^^^^^^^^^^^^^^^^^^^^^^^^^^^^^^^^
  File "/root/.venv/lib/python3.11/site-packages/fastapi/applications.py", line 1054, in __call__
    await super().__call__(scope, receive, send)
  File "/root/.venv/lib/python3.11/site-packages/starlette/applications.py", line 123, in __call__
    await self.middleware_stack(scope, receive, send)
  File "/root/.venv/lib/python3.11/site-packages/starlette/middleware/errors.py", line 186, in __call__
    raise exc
  File "/root/.venv/lib/python3.11/site-packages/starlette/middleware/errors.py", line 164, in __call__
    await self.app(scope, receive, _send)
  File "/root/.venv/lib/python3.11/site-packages/starlette/middleware/cors.py", line 85, in __call__
    await self.app(scope, receive, send)
  File "/root/.venv/lib/python3.11/site-packages/starlette/middleware/base.py", line 189, in __call__
    with collapse_excgroups():
  File "/usr/local/lib/python3.11/contextlib.py", line 158, in __exit__
    self.gen.throw(typ, value, traceback)
  File "/root/.venv/lib/python3.11/site-packages/starlette/_utils.py", line 93, in collapse_excgroups
    raise exc
  File "/root/.venv/lib/python3.11/site-packages/starlette/middleware/base.py", line 191, in __call__
    response = await self.dispatch_func(request, call_next)
               ^^^^^^^^^^^^^^^^^^^^^^^^^^^^^^^^^^^^^^^^^^^^
  File "/app/backend/server.py", line 175, in log_requests
    response = await call_next(request)
               ^^^^^^^^^^^^^^^^^^^^^^^^
  File "/root/.venv/lib/python3.11/site-packages/starlette/middleware/base.py", line 165, in call_next
    raise app_exc
  File "/root/.venv/lib/python3.11/site-packages/starlette/middleware/base.py", line 151, in coro
    await self.app(scope, receive_or_disconnect, send_no_error)
  File "/root/.venv/lib/python3.11/site-packages/starlette/middleware/exceptions.py", line 65, in __call__
    await wrap_app_handling_exceptions(self.app, conn)(scope, receive, send)
  File "/root/.venv/lib/python3.11/site-packages/starlette/_exception_handler.py", line 64, in wrapped_app
    raise exc
  File "/root/.venv/lib/python3.11/site-packages/starlette/_exception_handler.py", line 53, in wrapped_app
    await app(scope, receive, sender)
  File "/root/.venv/lib/python3.11/site-packages/starlette/routing.py", line 756, in __call__
    await self.middleware_stack(scope, receive, send)
  File "/root/.venv/lib/python3.11/site-packages/starlette/routing.py", line 776, in app
    await route.handle(scope, receive, send)
  File "/root/.venv/lib/python3.11/site-packages/starlette/routing.py", line 297, in handle
    await self.app(scope, receive, send)
  File "/root/.venv/lib/python3.11/site-packages/starlette/routing.py", line 77, in app
    await wrap_app_handling_exceptions(app, request)(scope, receive, send)
  File "/root/.venv/lib/python3.11/site-packages/starlette/_exception_handler.py", line 64, in wrapped_app
    raise exc
  File "/root/.venv/lib/python3.11/site-packages/starlette/_exception_handler.py", line 53, in wrapped_app
    await app(scope, receive, sender)
  File "/root/.venv/lib/python3.11/site-packages/starlette/routing.py", line 72, in app
    response = await func(request)
               ^^^^^^^^^^^^^^^^^^^
  File "/root/.venv/lib/python3.11/site-packages/fastapi/routing.py", line 296, in app
    content = await serialize_response(
              ^^^^^^^^^^^^^^^^^^^^^^^^^
  File "/root/.venv/lib/python3.11/site-packages/fastapi/routing.py", line 155, in serialize_response
    raise ResponseValidationError(
fastapi.exceptions.ResponseValidationError: 8 validation errors:
  {'type': 'value_error', 'loc': ('response', 42, 'id'), 'msg': 'Value error, Invalid ObjectId', 'input': 1, 'ctx': {'error': ValueError('Invalid ObjectId')}, 'url': 'https://errors.pydantic.dev/2.12/v/value_error'}
  {'type': 'missing', 'loc': ('response', 42, 'created_at'), 'msg': 'Field required', 'input': {'id': 1, 'name': 'TV Reality Shows', 'slug': 'big-boss'}, 'url': 'https://errors.pydantic.dev/2.12/v/missing'}
  {'type': 'value_error', 'loc': ('response', 43, 'id'), 'msg': 'Value error, Invalid ObjectId', 'input': 2, 'ctx': {'error': ValueError('Invalid ObjectId')}, 'url': 'https://errors.pydantic.dev/2.12/v/value_error'}
  {'type': 'missing', 'loc': ('response', 43, 'created_at'), 'msg': 'Field required', 'input': {'id': 2, 'name': 'TV Reality Shows Hindi', 'slug': 'big-boss-bollywood'}, 'url': 'https://errors.pydantic.dev/2.12/v/missing'}
  {'type': 'value_error', 'loc': ('response', 44, 'id'), 'msg': 'Value error, Invalid ObjectId', 'input': 'sponsored-post', 'ctx': {'error': ValueError('Invalid ObjectId')}, 'url': 'https://errors.pydantic.dev/2.12/v/value_error'}
  {'type': 'missing', 'loc': ('response', 44, 'created_at'), 'msg': 'Field required', 'input': {'id': 'sponsored-post', 'slug': 'sponsored-post', 'name': 'Sponsored Post', 'description': 'Sponsored content posts'}, 'url': 'https://errors.pydantic.dev/2.12/v/missing'}
  {'type': 'value_error', 'loc': ('response', 45, 'id'), 'msg': 'Value error, Invalid ObjectId', 'input': 'landing-page-ad', 'ctx': {'error': ValueError('Invalid ObjectId')}, 'url': 'https://errors.pydantic.dev/2.12/v/value_error'}
  {'type': 'missing', 'loc': ('response', 45, 'created_at'), 'msg': 'Field required', 'input': {'id': 'landing-page-ad', 'slug': 'landing-page-ad', 'name': 'Landing Page Ad', 'description': 'Landing page advertisements'}, 'url': 'https://errors.pydantic.dev/2.12/v/missing'}

INFO:apscheduler.executors.default:Running job "Check and publish scheduled articles (trigger: interval[0:05:00], next run at: 2025-12-14 00:43:05 UTC)" (scheduled at 2025-12-14 00:43:05.434517+00:00)
INFO:scheduler_service:No scheduled content ready for publishing
INFO:apscheduler.executors.default:Job "Check and publish scheduled articles (trigger: interval[0:05:00], next run at: 2025-12-14 00:48:05 UTC)" executed successfully
INFO:apscheduler.executors.default:Running job "Check and publish scheduled articles (trigger: interval[0:05:00], next run at: 2025-12-14 00:53:05 UTC)" (scheduled at 2025-12-14 00:48:05.434517+00:00)
INFO:scheduler_service:No scheduled content ready for publishing
INFO:apscheduler.executors.default:Job "Check and publish scheduled articles (trigger: interval[0:05:00], next run at: 2025-12-14 00:53:05 UTC)" executed successfully
INFO:     Will watch for changes in these directories: ['/app/backend']
INFO:     Uvicorn running on http://0.0.0.0:8001 (Press CTRL+C to quit)
INFO:     Started reloader process [29] using WatchFiles. This will likely reveal the issue with the  endpoint.
        2.  Examine the Pydantic response model used for the single article/ad fetch endpoint in . The  field may be excluded from serialization.
        3.  Debug the database query function in  that fetches the single ad to ensure the  field is being retrieved from MongoDB.
    -   **Why fix this issue and what will be achieved with this?** This is a critical bug that makes editing ads impossible. Fixing it will restore core CMS functionality.
    -   **Status:** IN PROGRESS
    -   **Is recurring issue?** N
    -   **Should Test frontend/backend/both after fix?** Both.
    -   **Blocked on other issue:** None.

-   **Issue 2: MongoDB index creation conflict on startup**
    -   **Attempted fixes:** None in this session.
    -   **Next debug checklist:** Locate the call to  inside the  function in  and comment it out.
    -   **Why fix this issue and what will be achieved with this?** Cleans up deployment logs and prevents potential masking of more critical startup errors.
    -   **Status:** NOT STARTED
    -   **Is recurring issue?** Y
    -   **Should Test frontend/backend/both after fix?** Backend.
    -   **Blocked on other issue:** None.

-   **Issue 3: National News not showing for new users**
    -   **Attempted fixes:** None in this session.
    -   **Next debug checklist:** Review data fetching logic in  and  to ensure articles with the  field containing  are fetched when the user has no state preference in .
    -   **Why fix this issue and what will be achieved with this?** Fixes a key part of the first-time user experience.
    -   **Status:** NOT STARTED
    -   **Is recurring issue?** Y
    -   **Should Test frontend/backend/both after fix?** Frontend.
    -   **Blocked on other issue:** None.

**In progress Task List**:
-   None.

**Upcoming and Future Tasks**
-   **Upcoming Tasks:**
    -   **P0: Define and Implement Landing Page Functionality:** The UI and backend fields for Landing Page ad types have been created, but their display logic on the frontend is undefined.
    -   **P1: Complete State-Language Mapping feature:** Implement the backend endpoints and frontend UI in  to manage state-language mappings.
-   **Future Tasks:**
    -   **P1: Implement Live Ads:** Replace placeholders with a functional ad-serving system.
    -   **P2: Full Regression Testing:** Conduct a comprehensive test of the CMS and public site.
    -   **P3: Code Cleanup & Refactoring:** The , , and  files are now extremely large and complex. They should be broken down into smaller, reusable components.

**Completed work in this session**
-   **Feature: CMS Ad Management Overhaul:**
    -   Separated Posts and Ads into different backend endpoints (, ).
    -   Created a new Ads tab in the CMS Dashboard with full filtering, pagination, and a Create Ad button.
    -   Moved all ad configuration from the CMS to a new Ads tab in System Settings.
    -   Removed the now-obsolete Ad Settings tab from the CMS Dashboard.
-   **Feature: Homepage Sponsored Ads:**
    -   Replaced mock data in the  component with a live API call.
    -   Implemented dynamic thumbnails based on content type (YouTube, Photo Gallery, Post).
-   **Feature: Enhanced CMS Forms ( & ):**
    -   Added support for adding multiple social media embeds.
    -   Added a UI toggle for enabling/disabling comments.
    -   Made Main Content optional for the Photo Gallery content type.
-   **Bug Fix: Theater Releases Section:**
    -   Fixed incorrect API endpoint and implemented new business logic to show state-specific and 'all'-state releases in separate tabs, removing date-based filtering.
-   **UI/Styling: Homepage Fine-Tuning:**
    -   Applied dozens of iterative padding and margin adjustments across most homepage components to tighten the layout.
    -   Fixed the aspect ratio of Viral Shorts thumbnails to 9:16 to eliminate black borders.
-   **Bug Fixes (CMS Forms):**
    -   Fixed create/edit flows for ads, ensuring correct navigation and mode detection.
    -   Fixed Close button functionality on routed forms.
    -   Removed multiple duplicate and redundant input fields for a cleaner UI.

**Earlier issues found/mentioned but not fixed**
-   **Issue 1:** MongoDB index conflict on startup. (Details in All Pending/In progress Issue list).
-   **Issue 2:** National News not showing for new users. (Details in All Pending/In progress Issue list).

**Known issue recurrence from previous fork**
-   **Issue recurrence in previous fork:** National News not showing for new users and MongoDB index conflict.
-   **Recurrence count:** 5+
-   **Status:** NOT STARTED

**Code Architecture**


**Key Technical Concepts**
-   **Large-Scale React State Management:** Extensive use of  and  in massive components (, ) to manage complex UI states, data fetching, and filtering.
-   **Component-Based UI/UX:** Heavily modifying and restructuring React components to change application flow, such as moving functionality between  and .
-   **API Development (FastAPI):** Creating new API endpoints, modifying existing ones, and separating data concerns (e.g., posts vs. ads).
-   **Debugging Frontend/Backend Mismatches:** Tracing data from the database () through the API () to the frontend component state () to identify inconsistencies in field names and values (e.g.,  vs. ).
-   **Iterative UI Styling (Tailwind CSS):** Making numerous fine-grained adjustments to padding and margin, including using negative margins ( classes), to meet specific aesthetic requirements.

**key DB schema**
-   **articles:** The schema is unchanged, but the usage of fields has been standardized.
    -   : Now used to distinguish ads from regular posts. Expects values like Ad in Sponsored Section, Landing Page - Home, etc.
    -   : Used in conjunction with . Expects values like Sponsored Ad, Landing Page.
    -   : A new field intended to hold an array of social media embed objects (though stored as a stringified JSON).

**changes in tech stack**
-   None.

**All files of reference**
-    (Primary file for the current bug)
-    (Heavily refactored)
-    (Heavily refactored)
-    (Contains the relevant API endpoints to debug)
-    (Contains the database logic to debug)
-   
-   
-   

**Areas that need refactoring**:
-    and  are exceptionally large and complex, each exceeding 3000-4000 lines. They desperately need to be broken down into smaller, manageable, and reusable components.
-    is also a monolith that handles logic for Posts, Ads, and several other sections. The state management is becoming difficult to trace.
-   The new  data is being stored as a stringified JSON array in the database. This is not best practice and should be refactored to use a proper array of sub-documents in MongoDB.

**key api endpoints**
-   : (Likely endpoint for editing) Needs to be debugged to ensure it returns the  field.
-   : Is currently failing with a 500 error and needs to be fixed.
-   : The new endpoint for listing ads in the CMS.
-   : The endpoint for fetching ads for the homepage.
-   : Endpoint for the homepage Theater Releases section.

**Critical Info for New Agent**
-   **Your immediate task is to fix the Edit Ad bug.** Start by checking the backend logs (    |   File "/root/.venv/lib/python3.11/site-packages/starlette/routing.py", line 72, in app
    |     response = await func(request)
    |                ^^^^^^^^^^^^^^^^^^^
    |   File "/root/.venv/lib/python3.11/site-packages/fastapi/routing.py", line 296, in app
    |     content = await serialize_response(
    |               ^^^^^^^^^^^^^^^^^^^^^^^^^
    |   File "/root/.venv/lib/python3.11/site-packages/fastapi/routing.py", line 155, in serialize_response
    |     raise ResponseValidationError(
    | fastapi.exceptions.ResponseValidationError: 8 validation errors:
    |   {'type': 'value_error', 'loc': ('response', 42, 'id'), 'msg': 'Value error, Invalid ObjectId', 'input': 1, 'ctx': {'error': ValueError('Invalid ObjectId')}, 'url': 'https://errors.pydantic.dev/2.12/v/value_error'}
    |   {'type': 'missing', 'loc': ('response', 42, 'created_at'), 'msg': 'Field required', 'input': {'id': 1, 'name': 'TV Reality Shows', 'slug': 'big-boss'}, 'url': 'https://errors.pydantic.dev/2.12/v/missing'}
    |   {'type': 'value_error', 'loc': ('response', 43, 'id'), 'msg': 'Value error, Invalid ObjectId', 'input': 2, 'ctx': {'error': ValueError('Invalid ObjectId')}, 'url': 'https://errors.pydantic.dev/2.12/v/value_error'}
    |   {'type': 'missing', 'loc': ('response', 43, 'created_at'), 'msg': 'Field required', 'input': {'id': 2, 'name': 'TV Reality Shows Hindi', 'slug': 'big-boss-bollywood'}, 'url': 'https://errors.pydantic.dev/2.12/v/missing'}
    |   {'type': 'value_error', 'loc': ('response', 44, 'id'), 'msg': 'Value error, Invalid ObjectId', 'input': 'sponsored-post', 'ctx': {'error': ValueError('Invalid ObjectId')}, 'url': 'https://errors.pydantic.dev/2.12/v/value_error'}
    |   {'type': 'missing', 'loc': ('response', 44, 'created_at'), 'msg': 'Field required', 'input': {'id': 'sponsored-post', 'slug': 'sponsored-post', 'name': 'Sponsored Post', 'description': 'Sponsored content posts'}, 'url': 'https://errors.pydantic.dev/2.12/v/missing'}
    |   {'type': 'value_error', 'loc': ('response', 45, 'id'), 'msg': 'Value error, Invalid ObjectId', 'input': 'landing-page-ad', 'ctx': {'error': ValueError('Invalid ObjectId')}, 'url': 'https://errors.pydantic.dev/2.12/v/value_error'}
    |   {'type': 'missing', 'loc': ('response', 45, 'created_at'), 'msg': 'Field required', 'input': {'id': 'landing-page-ad', 'slug': 'landing-page-ad', 'name': 'Landing Page Ad', 'description': 'Landing page advertisements'}, 'url': 'https://errors.pydantic.dev/2.12/v/missing'}
    | 
    +------------------------------------

During handling of the above exception, another exception occurred:

Traceback (most recent call last):
  File "/root/.venv/lib/python3.11/site-packages/uvicorn/protocols/http/h11_impl.py", line 408, in run_asgi
    result = await app(  # type: ignore[func-returns-value]
             ^^^^^^^^^^^^^^^^^^^^^^^^^^^^^^^^^^^^^^^^^^^^^^
  File "/root/.venv/lib/python3.11/site-packages/uvicorn/middleware/proxy_headers.py", line 84, in __call__
    return await self.app(scope, receive, send)
           ^^^^^^^^^^^^^^^^^^^^^^^^^^^^^^^^^^^^
  File "/root/.venv/lib/python3.11/site-packages/fastapi/applications.py", line 1054, in __call__
    await super().__call__(scope, receive, send)
  File "/root/.venv/lib/python3.11/site-packages/starlette/applications.py", line 123, in __call__
    await self.middleware_stack(scope, receive, send)
  File "/root/.venv/lib/python3.11/site-packages/starlette/middleware/errors.py", line 186, in __call__
    raise exc
  File "/root/.venv/lib/python3.11/site-packages/starlette/middleware/errors.py", line 164, in __call__
    await self.app(scope, receive, _send)
  File "/root/.venv/lib/python3.11/site-packages/starlette/middleware/cors.py", line 85, in __call__
    await self.app(scope, receive, send)
  File "/root/.venv/lib/python3.11/site-packages/starlette/middleware/base.py", line 189, in __call__
    with collapse_excgroups():
  File "/usr/local/lib/python3.11/contextlib.py", line 158, in __exit__
    self.gen.throw(typ, value, traceback)
  File "/root/.venv/lib/python3.11/site-packages/starlette/_utils.py", line 93, in collapse_excgroups
    raise exc
  File "/root/.venv/lib/python3.11/site-packages/starlette/middleware/base.py", line 191, in __call__
    response = await self.dispatch_func(request, call_next)
               ^^^^^^^^^^^^^^^^^^^^^^^^^^^^^^^^^^^^^^^^^^^^
  File "/app/backend/server.py", line 175, in log_requests
    response = await call_next(request)
               ^^^^^^^^^^^^^^^^^^^^^^^^
  File "/root/.venv/lib/python3.11/site-packages/starlette/middleware/base.py", line 165, in call_next
    raise app_exc
  File "/root/.venv/lib/python3.11/site-packages/starlette/middleware/base.py", line 151, in coro
    await self.app(scope, receive_or_disconnect, send_no_error)
  File "/root/.venv/lib/python3.11/site-packages/starlette/middleware/exceptions.py", line 65, in __call__
    await wrap_app_handling_exceptions(self.app, conn)(scope, receive, send)
  File "/root/.venv/lib/python3.11/site-packages/starlette/_exception_handler.py", line 64, in wrapped_app
    raise exc
  File "/root/.venv/lib/python3.11/site-packages/starlette/_exception_handler.py", line 53, in wrapped_app
    await app(scope, receive, sender)
  File "/root/.venv/lib/python3.11/site-packages/starlette/routing.py", line 756, in __call__
    await self.middleware_stack(scope, receive, send)
  File "/root/.venv/lib/python3.11/site-packages/starlette/routing.py", line 776, in app
    await route.handle(scope, receive, send)
  File "/root/.venv/lib/python3.11/site-packages/starlette/routing.py", line 297, in handle
    await self.app(scope, receive, send)
  File "/root/.venv/lib/python3.11/site-packages/starlette/routing.py", line 77, in app
    await wrap_app_handling_exceptions(app, request)(scope, receive, send)
  File "/root/.venv/lib/python3.11/site-packages/starlette/_exception_handler.py", line 64, in wrapped_app
    raise exc
  File "/root/.venv/lib/python3.11/site-packages/starlette/_exception_handler.py", line 53, in wrapped_app
    await app(scope, receive, sender)
  File "/root/.venv/lib/python3.11/site-packages/starlette/routing.py", line 72, in app
    response = await func(request)
               ^^^^^^^^^^^^^^^^^^^
  File "/root/.venv/lib/python3.11/site-packages/fastapi/routing.py", line 296, in app
    content = await serialize_response(
              ^^^^^^^^^^^^^^^^^^^^^^^^^
  File "/root/.venv/lib/python3.11/site-packages/fastapi/routing.py", line 155, in serialize_response
    raise ResponseValidationError(
fastapi.exceptions.ResponseValidationError: 8 validation errors:
  {'type': 'value_error', 'loc': ('response', 42, 'id'), 'msg': 'Value error, Invalid ObjectId', 'input': 1, 'ctx': {'error': ValueError('Invalid ObjectId')}, 'url': 'https://errors.pydantic.dev/2.12/v/value_error'}
  {'type': 'missing', 'loc': ('response', 42, 'created_at'), 'msg': 'Field required', 'input': {'id': 1, 'name': 'TV Reality Shows', 'slug': 'big-boss'}, 'url': 'https://errors.pydantic.dev/2.12/v/missing'}
  {'type': 'value_error', 'loc': ('response', 43, 'id'), 'msg': 'Value error, Invalid ObjectId', 'input': 2, 'ctx': {'error': ValueError('Invalid ObjectId')}, 'url': 'https://errors.pydantic.dev/2.12/v/value_error'}
  {'type': 'missing', 'loc': ('response', 43, 'created_at'), 'msg': 'Field required', 'input': {'id': 2, 'name': 'TV Reality Shows Hindi', 'slug': 'big-boss-bollywood'}, 'url': 'https://errors.pydantic.dev/2.12/v/missing'}
  {'type': 'value_error', 'loc': ('response', 44, 'id'), 'msg': 'Value error, Invalid ObjectId', 'input': 'sponsored-post', 'ctx': {'error': ValueError('Invalid ObjectId')}, 'url': 'https://errors.pydantic.dev/2.12/v/value_error'}
  {'type': 'missing', 'loc': ('response', 44, 'created_at'), 'msg': 'Field required', 'input': {'id': 'sponsored-post', 'slug': 'sponsored-post', 'name': 'Sponsored Post', 'description': 'Sponsored content posts'}, 'url': 'https://errors.pydantic.dev/2.12/v/missing'}
  {'type': 'value_error', 'loc': ('response', 45, 'id'), 'msg': 'Value error, Invalid ObjectId', 'input': 'landing-page-ad', 'ctx': {'error': ValueError('Invalid ObjectId')}, 'url': 'https://errors.pydantic.dev/2.12/v/value_error'}
  {'type': 'missing', 'loc': ('response', 45, 'created_at'), 'msg': 'Field required', 'input': {'id': 'landing-page-ad', 'slug': 'landing-page-ad', 'name': 'Landing Page Ad', 'description': 'Landing page advertisements'}, 'url': 'https://errors.pydantic.dev/2.12/v/missing'}

INFO:apscheduler.executors.default:Running job "Check and publish scheduled articles (trigger: interval[0:05:00], next run at: 2025-12-14 00:43:05 UTC)" (scheduled at 2025-12-14 00:43:05.434517+00:00)
INFO:scheduler_service:No scheduled content ready for publishing
INFO:apscheduler.executors.default:Job "Check and publish scheduled articles (trigger: interval[0:05:00], next run at: 2025-12-14 00:48:05 UTC)" executed successfully
INFO:apscheduler.executors.default:Running job "Check and publish scheduled articles (trigger: interval[0:05:00], next run at: 2025-12-14 00:53:05 UTC)" (scheduled at 2025-12-14 00:48:05.434517+00:00)
INFO:scheduler_service:No scheduled content ready for publishing
INFO:apscheduler.executors.default:Job "Check and publish scheduled articles (trigger: interval[0:05:00], next run at: 2025-12-14 00:53:05 UTC)" executed successfully
INFO:     Will watch for changes in these directories: ['/app/backend']
INFO:     Uvicorn running on http://0.0.0.0:8001 (Press CTRL+C to quit)
INFO:     Started reloader process [29] using WatchFiles) to find the cause of the **500 error on **. This is a critical failure.
-   Simultaneously, you must investigate why the API response for a single ad is missing the  field. Look at the Pydantic  for the single-ad-fetch endpoint in  â€“ it's likely excluding the field.
-   The CMS forms (, , ) are massive and very fragile. Make changes carefully and trace state and props meticulously.
-   The system for identifying ads is now based on the presence of the  field. Articles without this field are considered Posts.

**documents created in this job**
-   None.

**Last 10 User Messages and any pending user messages**
1.  **Request:** Fix the X (close) button in the Edit Ad form. (COMPLETED)
2.  **Request:** Implement dynamic thumbnails for sponsored ads based on content type (YouTube/Photo Gallery/Post) and add a comments toggle to the ad form. (COMPLETED)
3.  **Bug Report:** Ad Type and Category are not being retained when editing an ad. Media type dropdown for Ad Post should be removed. (WORKED ON, but led to another bug)
4.  **Bug Report:** Build failed with a JSX syntax error after the previous fix. (COMPLETED)
5.  **Request:** Move the + Create Ad button from Ad Settings to the new Ads list tab. (COMPLETED)
6.  **Bug Report:** Creating a new ad fails because it incorrectly tries to load article data. (COMPLETED)
7.  **Request:** Clean up forms by removing duplicate/redundant YouTube URL and Title fields. (COMPLETED)
8.  **Request:** Add multiple social media embed functionality to the Ad form. (COMPLETED)
9.  **Request:** Show the Video Information section for Video content type, not just Video Post. (COMPLETED)
10. **Bug Report:** Ad Type is still defaulting to Ad Post and Category is empty when editing. User provided URL and console logs showing a 500 error. (IN PROGRESS)

**Project Health Check:**
-   **Broken:**
    -   Editing an ad is completely broken. The form does not load the existing Ad Type or Category due to a backend issue.
    -   The  endpoint is throwing a 500 Internal Server Error.
    -   (Carry-over) The National News section is broken for new users.
    -   (Carry-over) The deployment process shows non-fatal MongoDB index warnings.
-   **Mocked:**
    -   None.

**3rd Party Integrations**
-   MongoDB
-    (for rich text editing)
-    (for backend scheduled tasks)

**Testing status**
-   **Testing agent used after significant changes:** NO
-   **Troubleshoot agent used after agent stuck in loop:** NO
-   **Test files created:** None.
-   **Known regressions:** Editing an ad is broken.

**Credentials to test flow:**
-   **Admin Login:** username=, password=
-   **URL to reproduce bug:** 

**What agent forgot to execute**
-   The agent did not address the long-standing issues carried over from the previous session: disabling the MongoDB index creation warning and fixing the National News section for new users.</analysis>
